[debug] [2021-02-08T00:35:48.127Z] ----------------------------------------------------------------------
[debug] [2021-02-08T00:35:48.130Z] Command:       C:\Program Files\nodejs\node.exe C:\Users\manu2\AppData\Roaming\npm\node_modules\firebase-tools\lib\bin\firebase.js init
[debug] [2021-02-08T00:35:48.131Z] CLI Version:   9.3.0
[debug] [2021-02-08T00:35:48.131Z] Platform:      win32
[debug] [2021-02-08T00:35:48.131Z] Node Version:  v10.16.3
[debug] [2021-02-08T00:35:48.132Z] Time:          Mon Feb 08 2021 00:35:48 GMT+0000 (GMT)
[debug] [2021-02-08T00:35:48.132Z] ----------------------------------------------------------------------
[debug] [2021-02-08T00:35:48.132Z] 
[debug] [2021-02-08T00:35:48.140Z] > command requires scopes: ["email","openid","https://www.googleapis.com/auth/cloudplatformprojects.readonly","https://www.googleapis.com/auth/firebase","https://www.googleapis.com/auth/cloud-platform"]
[debug] [2021-02-08T00:35:48.141Z] > authorizing via signed-in user
[info] 
     ######## #### ########  ######## ########     ###     ######  ########
     ##        ##  ##     ## ##       ##     ##  ##   ##  ##       ##
     ######    ##  ########  ######   ########  #########  ######  ######
     ##        ##  ##    ##  ##       ##     ## ##     ##       ## ##
     ##       #### ##     ## ######## ########  ##     ##  ######  ########

You're about to initialize a Firebase project in this directory:

  D:\Projects\netflix-clone

[info] 
=== Project Setup
[info] 
[info] First, let's associate this project directory with a Firebase project.
[info] You can create multiple project aliases by running firebase use --add, 
[info] but for now we'll just set up a default project.
[info] 
[debug] [2021-02-08T00:36:01.973Z] >>> [apiv2][query] GET https://firebase.googleapis.com/v1beta1/projects pageSize=100
[debug] [2021-02-08T00:36:02.507Z] <<< [apiv2][status] GET https://firebase.googleapis.com/v1beta1/projects 200
[debug] [2021-02-08T00:36:02.508Z] <<< [apiv2][body] GET https://firebase.googleapis.com/v1beta1/projects [omitted]
